<?xml version="1.0" encoding="UTF-8"?>
<testsuite xmlns:xsi="http://www.w3.org/2001/XMLSchema-instance" xsi:noNamespaceSchemaLocation="https://maven.apache.org/surefire/maven-surefire-plugin/xsd/surefire-test-report-3.0.xsd" version="3.0" name="TestSuite" time="72.047" tests="1" errors="0" skipped="0" failures="0">
  <properties>
    <property name="sun.desktop" value="windows"/>
    <property name="awt.toolkit" value="sun.awt.windows.WToolkit"/>
    <property name="java.specification.version" value="11"/>
    <property name="sun.cpu.isalist" value="amd64"/>
    <property name="sun.jnu.encoding" value="Cp1252"/>
    <property name="java.class.path" value="D:\Selenium_POM\Selenium_POM\target\test-classes;D:\Selenium_POM\Selenium_POM\target\classes;C:\Users\venkata_srinadhuni\.m2\repository\junit\junit\4.12\junit-4.12.jar;C:\Users\venkata_srinadhuni\.m2\repository\org\hamcrest\hamcrest-core\1.3\hamcrest-core-1.3.jar;C:\Users\venkata_srinadhuni\.m2\repository\org\testng\testng\6.9.8\testng-6.9.8.jar;C:\Users\venkata_srinadhuni\.m2\repository\org\beanshell\bsh\2.0b4\bsh-2.0b4.jar;C:\Users\venkata_srinadhuni\.m2\repository\com\beust\jcommander\1.48\jcommander-1.48.jar;C:\Users\venkata_srinadhuni\.m2\repository\com\relevantcodes\extentreports\2.41.2\extentreports-2.41.2.jar;C:\Users\venkata_srinadhuni\.m2\repository\org\jsoup\jsoup\1.8.3\jsoup-1.8.3.jar;C:\Users\venkata_srinadhuni\.m2\repository\org\xerial\sqlite-jdbc\3.8.11.1\sqlite-jdbc-3.8.11.1.jar;C:\Users\venkata_srinadhuni\.m2\repository\org\freemarker\freemarker\2.3.23\freemarker-2.3.23.jar;C:\Users\venkata_srinadhuni\.m2\repository\org\mongodb\mongodb-driver\3.0.4\mongodb-driver-3.0.4.jar;C:\Users\venkata_srinadhuni\.m2\repository\org\mongodb\bson\3.0.4\bson-3.0.4.jar;C:\Users\venkata_srinadhuni\.m2\repository\org\mongodb\mongodb-driver-core\3.0.4\mongodb-driver-core-3.0.4.jar;C:\Users\venkata_srinadhuni\.m2\repository\org\apache\commons\commons-collections4\4.3\commons-collections4-4.3.jar;C:\Users\venkata_srinadhuni\.m2\repository\org\apache\poi\ooxml-schemas\1.4\ooxml-schemas-1.4.jar;C:\Users\venkata_srinadhuni\.m2\repository\org\apache\xmlbeans\xmlbeans\3.0.1\xmlbeans-3.0.1.jar;C:\Users\venkata_srinadhuni\.m2\repository\org\seleniumhq\selenium\selenium-ie-driver\3.141.59\selenium-ie-driver-3.141.59.jar;C:\Users\venkata_srinadhuni\.m2\repository\org\seleniumhq\selenium\selenium-api\3.141.59\selenium-api-3.141.59.jar;C:\Users\venkata_srinadhuni\.m2\repository\org\seleniumhq\selenium\selenium-remote-driver\3.141.59\selenium-remote-driver-3.141.59.jar;C:\Users\venkata_srinadhuni\.m2\repository\net\bytebuddy\byte-buddy\1.8.15\byte-buddy-1.8.15.jar;C:\Users\venkata_srinadhuni\.m2\repository\org\apache\commons\commons-exec\1.3\commons-exec-1.3.jar;C:\Users\venkata_srinadhuni\.m2\repository\com\google\guava\guava\25.0-jre\guava-25.0-jre.jar;C:\Users\venkata_srinadhuni\.m2\repository\com\google\code\findbugs\jsr305\1.3.9\jsr305-1.3.9.jar;C:\Users\venkata_srinadhuni\.m2\repository\org\checkerframework\checker-compat-qual\2.0.0\checker-compat-qual-2.0.0.jar;C:\Users\venkata_srinadhuni\.m2\repository\com\google\errorprone\error_prone_annotations\2.1.3\error_prone_annotations-2.1.3.jar;C:\Users\venkata_srinadhuni\.m2\repository\com\google\j2objc\j2objc-annotations\1.1\j2objc-annotations-1.1.jar;C:\Users\venkata_srinadhuni\.m2\repository\org\codehaus\mojo\animal-sniffer-annotations\1.14\animal-sniffer-annotations-1.14.jar;C:\Users\venkata_srinadhuni\.m2\repository\com\squareup\okhttp3\okhttp\3.11.0\okhttp-3.11.0.jar;C:\Users\venkata_srinadhuni\.m2\repository\com\squareup\okio\okio\1.14.0\okio-1.14.0.jar;C:\Users\venkata_srinadhuni\.m2\repository\org\apache\poi\poi\3.15\poi-3.15.jar;C:\Users\venkata_srinadhuni\.m2\repository\commons-codec\commons-codec\1.10\commons-codec-1.10.jar;C:\Users\venkata_srinadhuni\.m2\repository\org\apache\poi\poi-ooxml\3.15\poi-ooxml-3.15.jar;C:\Users\venkata_srinadhuni\.m2\repository\org\apache\poi\poi-ooxml-schemas\3.15\poi-ooxml-schemas-3.15.jar;C:\Users\venkata_srinadhuni\.m2\repository\com\github\virtuald\curvesapi\1.04\curvesapi-1.04.jar;C:\Users\venkata_srinadhuni\.m2\repository\org\seleniumhq\selenium\selenium-support\3.141.59\selenium-support-3.141.59.jar;C:\Users\venkata_srinadhuni\.m2\repository\org\seleniumhq\selenium\selenium-chrome-driver\2.26.0\selenium-chrome-driver-2.26.0.jar;C:\Users\venkata_srinadhuni\.m2\repository\commons-io\commons-io\1.3.2\commons-io-1.3.2.jar;"/>
    <property name="java.vm.vendor" value="Oracle Corporation"/>
    <property name="sun.arch.data.model" value="64"/>
    <property name="user.variant" value=""/>
    <property name="java.vendor.url" value="http://java.oracle.com/"/>
    <property name="user.timezone" value="Asia/Calcutta"/>
    <property name="java.vm.specification.version" value="11"/>
    <property name="os.name" value="Windows 10"/>
    <property name="sun.java.launcher" value="SUN_STANDARD"/>
    <property name="user.country" value="US"/>
    <property name="sun.boot.library.path" value="C:\Program Files\Java\jdk-11.0.1\bin"/>
    <property name="sun.java.command" value="C:\Users\venkata_srinadhuni\AppData\Local\Temp\surefire18209486091657480709\surefirebooter3354671897325421789.jar C:\Users\venkata_srinadhuni\AppData\Local\Temp\surefire18209486091657480709 2019-06-26T11-57-40_969-jvmRun1 surefire9453881013189437836tmp surefire_014945609897234983393tmp"/>
    <property name="jdk.debug" value="release"/>
    <property name="surefire.test.class.path" value="D:\Selenium_POM\Selenium_POM\target\test-classes;D:\Selenium_POM\Selenium_POM\target\classes;C:\Users\venkata_srinadhuni\.m2\repository\junit\junit\4.12\junit-4.12.jar;C:\Users\venkata_srinadhuni\.m2\repository\org\hamcrest\hamcrest-core\1.3\hamcrest-core-1.3.jar;C:\Users\venkata_srinadhuni\.m2\repository\org\testng\testng\6.9.8\testng-6.9.8.jar;C:\Users\venkata_srinadhuni\.m2\repository\org\beanshell\bsh\2.0b4\bsh-2.0b4.jar;C:\Users\venkata_srinadhuni\.m2\repository\com\beust\jcommander\1.48\jcommander-1.48.jar;C:\Users\venkata_srinadhuni\.m2\repository\com\relevantcodes\extentreports\2.41.2\extentreports-2.41.2.jar;C:\Users\venkata_srinadhuni\.m2\repository\org\jsoup\jsoup\1.8.3\jsoup-1.8.3.jar;C:\Users\venkata_srinadhuni\.m2\repository\org\xerial\sqlite-jdbc\3.8.11.1\sqlite-jdbc-3.8.11.1.jar;C:\Users\venkata_srinadhuni\.m2\repository\org\freemarker\freemarker\2.3.23\freemarker-2.3.23.jar;C:\Users\venkata_srinadhuni\.m2\repository\org\mongodb\mongodb-driver\3.0.4\mongodb-driver-3.0.4.jar;C:\Users\venkata_srinadhuni\.m2\repository\org\mongodb\bson\3.0.4\bson-3.0.4.jar;C:\Users\venkata_srinadhuni\.m2\repository\org\mongodb\mongodb-driver-core\3.0.4\mongodb-driver-core-3.0.4.jar;C:\Users\venkata_srinadhuni\.m2\repository\org\apache\commons\commons-collections4\4.3\commons-collections4-4.3.jar;C:\Users\venkata_srinadhuni\.m2\repository\org\apache\poi\ooxml-schemas\1.4\ooxml-schemas-1.4.jar;C:\Users\venkata_srinadhuni\.m2\repository\org\apache\xmlbeans\xmlbeans\3.0.1\xmlbeans-3.0.1.jar;C:\Users\venkata_srinadhuni\.m2\repository\org\seleniumhq\selenium\selenium-ie-driver\3.141.59\selenium-ie-driver-3.141.59.jar;C:\Users\venkata_srinadhuni\.m2\repository\org\seleniumhq\selenium\selenium-api\3.141.59\selenium-api-3.141.59.jar;C:\Users\venkata_srinadhuni\.m2\repository\org\seleniumhq\selenium\selenium-remote-driver\3.141.59\selenium-remote-driver-3.141.59.jar;C:\Users\venkata_srinadhuni\.m2\repository\net\bytebuddy\byte-buddy\1.8.15\byte-buddy-1.8.15.jar;C:\Users\venkata_srinadhuni\.m2\repository\org\apache\commons\commons-exec\1.3\commons-exec-1.3.jar;C:\Users\venkata_srinadhuni\.m2\repository\com\google\guava\guava\25.0-jre\guava-25.0-jre.jar;C:\Users\venkata_srinadhuni\.m2\repository\com\google\code\findbugs\jsr305\1.3.9\jsr305-1.3.9.jar;C:\Users\venkata_srinadhuni\.m2\repository\org\checkerframework\checker-compat-qual\2.0.0\checker-compat-qual-2.0.0.jar;C:\Users\venkata_srinadhuni\.m2\repository\com\google\errorprone\error_prone_annotations\2.1.3\error_prone_annotations-2.1.3.jar;C:\Users\venkata_srinadhuni\.m2\repository\com\google\j2objc\j2objc-annotations\1.1\j2objc-annotations-1.1.jar;C:\Users\venkata_srinadhuni\.m2\repository\org\codehaus\mojo\animal-sniffer-annotations\1.14\animal-sniffer-annotations-1.14.jar;C:\Users\venkata_srinadhuni\.m2\repository\com\squareup\okhttp3\okhttp\3.11.0\okhttp-3.11.0.jar;C:\Users\venkata_srinadhuni\.m2\repository\com\squareup\okio\okio\1.14.0\okio-1.14.0.jar;C:\Users\venkata_srinadhuni\.m2\repository\org\apache\poi\poi\3.15\poi-3.15.jar;C:\Users\venkata_srinadhuni\.m2\repository\commons-codec\commons-codec\1.10\commons-codec-1.10.jar;C:\Users\venkata_srinadhuni\.m2\repository\org\apache\poi\poi-ooxml\3.15\poi-ooxml-3.15.jar;C:\Users\venkata_srinadhuni\.m2\repository\org\apache\poi\poi-ooxml-schemas\3.15\poi-ooxml-schemas-3.15.jar;C:\Users\venkata_srinadhuni\.m2\repository\com\github\virtuald\curvesapi\1.04\curvesapi-1.04.jar;C:\Users\venkata_srinadhuni\.m2\repository\org\seleniumhq\selenium\selenium-support\3.141.59\selenium-support-3.141.59.jar;C:\Users\venkata_srinadhuni\.m2\repository\org\seleniumhq\selenium\selenium-chrome-driver\2.26.0\selenium-chrome-driver-2.26.0.jar;C:\Users\venkata_srinadhuni\.m2\repository\commons-io\commons-io\1.3.2\commons-io-1.3.2.jar;"/>
    <property name="sun.cpu.endian" value="little"/>
    <property name="user.home" value="C:\Users\venkata_srinadhuni"/>
    <property name="user.language" value="en"/>
    <property name="java.specification.vendor" value="Oracle Corporation"/>
    <property name="java.version.date" value="2018-10-16"/>
    <property name="java.home" value="C:\Program Files\Java\jdk-11.0.1"/>
    <property name="file.separator" value="\"/>
    <property name="basedir" value="D:\Selenium_POM\Selenium_POM"/>
    <property name="java.vm.compressedOopsMode" value="32-bit"/>
    <property name="line.separator" value="&#10;"/>
    <property name="java.specification.name" value="Java Platform API Specification"/>
    <property name="java.vm.specification.vendor" value="Oracle Corporation"/>
    <property name="java.awt.graphicsenv" value="sun.awt.Win32GraphicsEnvironment"/>
    <property name="surefire.real.class.path" value="C:\Users\venkata_srinadhuni\AppData\Local\Temp\surefire18209486091657480709\surefirebooter3354671897325421789.jar"/>
    <property name="user.script" value=""/>
    <property name="sun.management.compiler" value="HotSpot 64-Bit Tiered Compilers"/>
    <property name="java.runtime.version" value="11.0.1+13"/>
    <property name="user.name" value="Venkata_Srinadhuni"/>
    <property name="path.separator" value=";"/>
    <property name="os.version" value="10.0"/>
    <property name="java.runtime.name" value="OpenJDK Runtime Environment"/>
    <property name="file.encoding" value="Cp1252"/>
    <property name="java.vm.name" value="OpenJDK 64-Bit Server VM"/>
    <property name="java.vendor.version" value="18.9"/>
    <property name="localRepository" value="C:\Users\venkata_srinadhuni\.m2\repository"/>
    <property name="java.vendor.url.bug" value="http://bugreport.java.com/bugreport/"/>
    <property name="java.io.tmpdir" value="C:\Users\venkata_srinadhuni\AppData\Local\Temp\"/>
    <property name="java.version" value="11.0.1"/>
    <property name="user.dir" value="D:\Selenium_POM\Selenium_POM"/>
    <property name="os.arch" value="amd64"/>
    <property name="java.vm.specification.name" value="Java Virtual Machine Specification"/>
    <property name="java.awt.printerjob" value="sun.awt.windows.WPrinterJob"/>
    <property name="sun.os.patch.level" value=""/>
    <property name="java.library.path" value="C:\Program Files\Java\jdk-11.0.1\bin;C:\windows\Sun\Java\bin;C:\windows\system32;C:\windows;C:/Program Files/Java/jdk-11.0.1/bin/server;C:/Program Files/Java/jdk-11.0.1/bin;C:\Program Files\AdoptOpenJDK\jdk-8.0.202.08\bin;C:\Program Files\AdoptOpenJDK\jre-8.0.202.08\bin;C:\windows\system32;C:\windows;C:\windows\System32\Wbem;C:\windows\System32\WindowsPowerShell\v1.0\;C:\windows\System32\OpenSSH\;C:\windows\system32\config\systemprofile\.dnx\bin;C:\Program Files\Microsoft DNX\Dnvm\;C:\Program Files\Microsoft SQL Server\120\Tools\Binn\;C:\Program Files\Git\cmd;C:\Program Files\Java\jdk-11.0.1\bin;C:\Program Files\Java\jdk-11.0.1\bin;C:\Program Files (x86)\Windows Kits\8.1\Windows Performance Toolkit\;C:\Users\venkata_srinadhuni\.dnx\bin;C:\Users\venkata_srinadhuni\AppData\Local\Microsoft\WindowsApps;C:\Program Files\Java\jdk-11.0.1\bin;C:\Users\venkata_srinadhuni\Downloads\apache-maven-3.6.1-bin\apache-maven-3.6.1\bin;C:\Program Files\Java\jdk-11.0.1;C:\Users\venkata_srinadhuni\Downloads\apache-maven-3.6.1-bin\apache-maven-3.6.1\bin;C:\Users\venkata_srinadhuni\Desktop;;."/>
    <property name="java.vendor" value="Oracle Corporation"/>
    <property name="java.vm.info" value="mixed mode"/>
    <property name="java.vm.version" value="11.0.1+13"/>
    <property name="sun.io.unicode.encoding" value="UnicodeLittle"/>
    <property name="java.class.version" value="55.0"/>
  </properties>
  <testcase name="login_Test_Case_03" classname="com.tests.TestCases" time="70.188"/>
</testsuite>